12:26:05.789 [main] INFO  TestBase.BaseClass - **** Starting TC_2_ValidateWelcomeMessage ****
12:26:05.812 [main] DEBUG TestBase.BaseClass - Application logs started......
12:26:08.126 [main] ERROR TestBase.BaseClass - Test Failed..
12:26:08.133 [main] DEBUG TestBase.BaseClass - Debug logs....
12:26:08.150 [main] INFO  TestBase.BaseClass - **** Starting TC_3_ValidateLanguageAndCountry ****
12:26:08.151 [main] DEBUG TestBase.BaseClass - Application logs started......
12:26:08.168 [main] ERROR TestBase.BaseClass - Test Failed..
12:26:08.168 [main] DEBUG TestBase.BaseClass - Debug logs....
12:26:08.193 [main] INFO  TestBase.BaseClass - **** Starting TC_4_ValidateLanguageList ****
12:26:08.198 [main] DEBUG TestBase.BaseClass - Application logs started......
12:26:08.225 [main] ERROR TestBase.BaseClass - Test Failed..
12:26:08.225 [main] DEBUG TestBase.BaseClass - Debug logs....
12:26:08.249 [main] INFO  TestBase.BaseClass - **** Starting TC_5_ValidateGSDDetails ****
12:26:08.250 [main] DEBUG TestBase.BaseClass - Application logs started......
12:26:08.269 [main] ERROR TestBase.BaseClass - Test Failed..
12:26:08.270 [main] DEBUG TestBase.BaseClass - Debug logs....
12:28:45.047 [main] INFO  TestBase.BaseClass - **** Starting TC_1_ValidateUser ****
12:28:45.052 [main] DEBUG TestBase.BaseClass - Application logs started......
12:28:48.440 [main] INFO  TestBase.BaseClass - Clicked on User Information
12:28:51.541 [main] INFO  TestBase.BaseClass - Validating User Information
12:28:51.718 [main] INFO  TestBase.BaseClass - Clicked on One Cognizant
12:28:51.720 [main] INFO  TestBase.BaseClass - Test Passed
12:28:51.720 [main] DEBUG TestBase.BaseClass - Application logs end.......
12:28:51.720 [main] INFO  TestBase.BaseClass - **** Finished TC_1_ValidateUser ****
12:28:52.707 [main] INFO  TestBase.BaseClass - **** Starting TC_2_ValidateWelcomeMessage ****
12:28:52.707 [main] DEBUG TestBase.BaseClass - Application logs started......
12:29:02.549 [main] INFO  TestBase.BaseClass - Clicked on Search
12:29:02.743 [main] INFO  TestBase.BaseClass - Clicked on GSD
12:29:18.886 [main] INFO  TestBase.BaseClass - Validating Welcome message
12:29:18.886 [main] INFO  TestBase.BaseClass - Test Passed
12:29:18.887 [main] DEBUG TestBase.BaseClass - Application logs end.......
12:29:18.887 [main] INFO  TestBase.BaseClass - **** Finished TC_2_ValidateWelcomeMessage ****
12:29:19.094 [main] INFO  TestBase.BaseClass - **** Starting TC_3_ValidateLanguageAndCountry ****
12:29:19.094 [main] DEBUG TestBase.BaseClass - Application logs started......
12:29:19.126 [main] INFO  TestBase.BaseClass - Validating Default Country
12:29:19.153 [main] INFO  TestBase.BaseClass - Validating Default Language
12:29:19.317 [main] INFO  TestBase.BaseClass - Test Passed
12:29:19.317 [main] DEBUG TestBase.BaseClass - Application logs end.......
12:29:19.317 [main] INFO  TestBase.BaseClass - **** Finished TC_2_ValidateLanguageAndCountry ****
12:29:19.508 [main] INFO  TestBase.BaseClass - **** Starting TC_4_ValidateLanguageList ****
12:29:19.508 [main] DEBUG TestBase.BaseClass - Application logs started......
12:29:19.753 [main] INFO  TestBase.BaseClass - Validating Language List
12:29:19.755 [main] INFO  TestBase.BaseClass - Test Passed
12:29:19.755 [main] DEBUG TestBase.BaseClass - Application logs end.......
12:29:19.755 [main] INFO  TestBase.BaseClass - **** Finished TC_4_ValidateLanguageList ****
12:29:19.938 [main] INFO  TestBase.BaseClass - **** Starting TC_5_ValidateGSDDetails ****
12:29:19.938 [main] DEBUG TestBase.BaseClass - Application logs started......
12:29:46.346 [main] INFO  TestBase.BaseClass - Validating Tooltips
12:29:46.346 [main] INFO  TestBase.BaseClass - Test Passed
12:29:46.346 [main] DEBUG TestBase.BaseClass - Application logs end.......
12:29:46.346 [main] INFO  TestBase.BaseClass - **** Finished TC_5_ValidateGSDDetails ****
