17:49:08.439 [main] DEBUG TestBase.BaseClass - Application logs end.......
17:49:08.483 [main] INFO  TestBase.BaseClass - **** Finished TC_5_ValidateGSDDetails ****
17:54:06.565 [main] INFO  TestBase.BaseClass - **** Starting TC_1_ValidateUser ****
17:54:06.573 [main] DEBUG TestBase.BaseClass - Application logs started......
17:54:10.974 [main] INFO  TestBase.BaseClass - Clicked on User Information
17:54:14.035 [main] INFO  TestBase.BaseClass - Validating User Information
17:54:14.197 [main] INFO  TestBase.BaseClass - Clicked on One Cognizant
17:54:14.197 [main] INFO  TestBase.BaseClass - Test Passed
17:54:14.197 [main] DEBUG TestBase.BaseClass - Application logs end.......
17:54:14.198 [main] INFO  TestBase.BaseClass - **** Finished TC_1_ValidateUser ****
17:54:14.234 [main] INFO  TestBase.BaseClass - **** Starting TC_2_ValidateWelcomeMessage ****
17:54:14.234 [main] DEBUG TestBase.BaseClass - Application logs started......
17:54:22.478 [main] INFO  TestBase.BaseClass - Clicked on Search
17:54:22.638 [main] INFO  TestBase.BaseClass - Clicked on GSD
17:54:42.252 [main] INFO  TestBase.BaseClass - Validating Welcome message
17:54:42.252 [main] INFO  TestBase.BaseClass - Test Passed
17:54:42.252 [main] DEBUG TestBase.BaseClass - Application logs end.......
17:54:42.252 [main] INFO  TestBase.BaseClass - **** Finished TC_2_ValidateWelcomeMessage ****
17:54:42.256 [main] INFO  TestBase.BaseClass - **** Starting TC_3_ValidateLanguageAndCountry ****
17:54:42.256 [main] DEBUG TestBase.BaseClass - Application logs started......
17:54:42.289 [main] INFO  TestBase.BaseClass - Validating Default Country
17:54:42.564 [main] INFO  TestBase.BaseClass - Validating Default Language
17:54:42.573 [main] INFO  TestBase.BaseClass - Test Passed
17:54:42.573 [main] DEBUG TestBase.BaseClass - Application logs end.......
17:54:42.573 [main] INFO  TestBase.BaseClass - **** Finished TC_2_ValidateLanguageAndCountry ****
17:54:42.578 [main] INFO  TestBase.BaseClass - **** Starting TC_4_ValidateLanguageList ****
17:54:42.578 [main] DEBUG TestBase.BaseClass - Application logs started......
17:54:42.834 [main] INFO  TestBase.BaseClass - Validating Language List
17:54:42.834 [main] INFO  TestBase.BaseClass - Test Passed
17:54:42.834 [main] DEBUG TestBase.BaseClass - Application logs end.......
17:54:42.834 [main] INFO  TestBase.BaseClass - **** Finished TC_4_ValidateLanguageList ****
17:54:42.837 [main] INFO  TestBase.BaseClass - **** Starting TC_5_ValidateGSDDetails ****
17:54:42.837 [main] DEBUG TestBase.BaseClass - Application logs started......
17:55:04.206 [main] INFO  TestBase.BaseClass - Validating Tooltips
17:55:04.207 [main] INFO  TestBase.BaseClass - Test Passed
17:55:04.207 [main] DEBUG TestBase.BaseClass - Application logs end.......
17:55:04.207 [main] INFO  TestBase.BaseClass - **** Finished TC_5_ValidateGSDDetails ****
09:13:40.140 [main] INFO  TestBase.BaseClass - **** Starting TC_1_ValidateUser ****
09:13:40.144 [main] DEBUG TestBase.BaseClass - Application logs started......
09:13:44.413 [main] INFO  TestBase.BaseClass - Clicked on User Information
09:13:47.517 [main] INFO  TestBase.BaseClass - Validating User Information
09:13:47.673 [main] INFO  TestBase.BaseClass - Clicked on One Cognizant
09:13:47.674 [main] INFO  TestBase.BaseClass - Test Passed
09:13:47.674 [main] DEBUG TestBase.BaseClass - Application logs end.......
09:13:47.674 [main] INFO  TestBase.BaseClass - **** Finished TC_1_ValidateUser ****
09:13:47.736 [main] INFO  TestBase.BaseClass - **** Starting TC_2_ValidateWelcomeMessage ****
09:13:47.736 [main] DEBUG TestBase.BaseClass - Application logs started......
09:13:48.736 [main] ERROR TestBase.BaseClass - Test Failed..
09:13:48.736 [main] DEBUG TestBase.BaseClass - Debug logs....
09:13:48.749 [main] INFO  TestBase.BaseClass - **** Starting TC_3_ValidateLanguageAndCountry ****
09:13:48.749 [main] DEBUG TestBase.BaseClass - Application logs started......
09:14:01.186 [main] ERROR TestBase.BaseClass - Test Failed..
09:14:01.186 [main] DEBUG TestBase.BaseClass - Debug logs....
09:14:01.190 [main] INFO  TestBase.BaseClass - **** Starting TC_4_ValidateLanguageList ****
09:14:01.190 [main] DEBUG TestBase.BaseClass - Application logs started......
09:14:11.225 [main] ERROR TestBase.BaseClass - Test Failed..
09:14:11.225 [main] DEBUG TestBase.BaseClass - Debug logs....
09:14:11.229 [main] INFO  TestBase.BaseClass - **** Starting TC_5_ValidateGSDDetails ****
09:14:11.229 [main] DEBUG TestBase.BaseClass - Application logs started......
09:14:22.171 [main] ERROR TestBase.BaseClass - Test Failed..
09:14:22.171 [main] DEBUG TestBase.BaseClass - Debug logs....
09:16:41.757 [main] INFO  TestBase.BaseClass - **** Starting TC_1_ValidateUser ****
09:16:41.764 [main] DEBUG TestBase.BaseClass - Application logs started......
09:16:46.129 [main] INFO  TestBase.BaseClass - Clicked on User Information
09:16:49.248 [main] INFO  TestBase.BaseClass - Validating User Information
